<?xml version="1.0" encoding="UTF-8"?>
<!-- Generated by org.testng.reporters.JUnitReportReporter -->
<testsuite hostname="DESKTOP-O562LT0" failures="0" tests="1" name="sauceDemoHomePage.TC01_VerifyProductAddToCart" time="48.184" errors="0" timestamp="2023-02-21T11:36:08 IST" skipped="0">
  <testcase classname="sauceDemoHomePage.TC01_VerifyProductAddToCart" name="verifyProductAddToCart" time="48.184"/>
  <system-out/>
</testsuite> <!-- sauceDemoHomePage.TC01_VerifyProductAddToCart -->
