<?xml version="1.0" encoding="UTF-8"?>
<!-- Generated by org.testng.reporters.JUnitReportReporter -->
<testsuite hostname="DESKTOP-O562LT0" failures="0" tests="1" name="amazon.TC06_VerifyDiscount25Off" time="134.952" errors="0" timestamp="2023-02-25T15:59:22 IST" skipped="0">
  <testcase classname="amazon.TC06_VerifyDiscount25Off" name="VerifyDiscount25Off" time="134.952"/>
  <system-out/>
</testsuite> <!-- amazon.TC06_VerifyDiscount25Off -->
