<?xml version="1.0" encoding="UTF-8"?>
<!-- Generated by org.testng.reporters.JUnitReportReporter -->
<testsuite hostname="DESKTOP-O562LT0" failures="0" tests="1" name="amazon.TC07_VerifyEnergy5Star" time="120.608" errors="0" timestamp="2023-02-26T15:50:33 IST" skipped="0">
  <testcase classname="amazon.TC07_VerifyEnergy5Star" name="VerifyEnergy5Star" time="120.608"/>
  <system-out/>
</testsuite> <!-- amazon.TC07_VerifyEnergy5Star -->
