<?xml version="1.0" encoding="UTF-8"?>
<!-- Generated by org.testng.reporters.JUnitReportReporter -->
<testsuite hostname="DESKTOP-O562LT0" failures="0" tests="1" name="sauceDemoLoginPage.TC01_VerifyLogin_Valid_U_Valid_P" time="18.438" errors="0" timestamp="2023-03-01T09:59:37 IST" skipped="0">
  <testcase classname="sauceDemoLoginPage.TC01_VerifyLogin_Valid_U_Valid_P" name="VerifyLogin_Valid_U_Valid_P" time="18.438"/>
  <system-out/>
</testsuite> <!-- sauceDemoLoginPage.TC01_VerifyLogin_Valid_U_Valid_P -->
