<?xml version="1.0" encoding="UTF-8"?>
<!-- Generated by org.testng.reporters.JUnitReportReporter -->
<testsuite hostname="DESKTOP-O562LT0" failures="0" tests="1" name="numadic.TC03_VerifyButtonIamIntrested" time="33.233" errors="0" timestamp="2023-02-22T15:32:47 IST" skipped="0">
  <testcase classname="numadic.TC03_VerifyButtonIamIntrested" name="VerifyPageTitleOfQAEngineer" time="33.233"/>
  <system-out/>
</testsuite> <!-- numadic.TC03_VerifyButtonIamIntrested -->
