<?xml version="1.0" encoding="UTF-8"?>
<!-- Generated by org.testng.reporters.JUnitReportReporter -->
<testsuite hostname="DESKTOP-O562LT0" failures="0" tests="1" name="amazonYourAccountPage.TC01_VerifyEnterAmountTextBox" time="0.000" errors="0" timestamp="2023-03-11T17:17:01 IST" skipped="1">
  <testcase classname="amazonYourAccountPage.TC01_VerifyEnterAmountTextBox" name="verifyEnterAmountTextBox" time="0.000">
    <skipped/>
  </testcase> <!-- verifyEnterAmountTextBox -->
  <system-out/>
</testsuite> <!-- amazonYourAccountPage.TC01_VerifyEnterAmountTextBox -->
