<?xml version="1.0" encoding="UTF-8"?>
<!-- Generated by org.testng.reporters.JUnitReportReporter -->
<testsuite hostname="DESKTOP-O562LT0" failures="0" tests="1" name="numadic.TC01_VearifyHeaderText" time="37.771" errors="0" timestamp="2023-02-22T14:36:03 IST" skipped="0">
  <testcase classname="numadic.TC01_VearifyHeaderText" name="vearifyHeaderText" time="37.771"/>
  <system-out/>
</testsuite> <!-- numadic.TC01_VearifyHeaderText -->
