<?xml version="1.0" encoding="UTF-8"?>
<!-- Generated by org.testng.reporters.JUnitReportReporter -->
<testsuite hostname="DESKTOP-O562LT0" failures="0" tests="1" name="numadicJobApplication.TC06_enterValidEmailOfBasicInfo" time="38.572" errors="0" timestamp="2023-02-23T13:37:50 IST" skipped="0">
  <testcase classname="numadicJobApplication.TC06_enterValidEmailOfBasicInfo" name="enterValidFirstName" time="38.572"/>
  <system-out/>
</testsuite> <!-- numadicJobApplication.TC06_enterValidEmailOfBasicInfo -->
