<?xml version="1.0" encoding="UTF-8"?>
<!-- Generated by org.testng.reporters.JUnitReportReporter -->
<testsuite hostname="DESKTOP-O562LT0" failures="0" tests="1" name="sauceDemoLoginPage.TC05_LoginWith_blank_U_Valid_P" time="5.450" errors="0" timestamp="2023-03-01T09:59:37 IST" skipped="0">
  <testcase classname="sauceDemoLoginPage.TC05_LoginWith_blank_U_Valid_P" name="LoginWith_blank_U_Valid_P" time="5.450"/>
  <system-out/>
</testsuite> <!-- sauceDemoLoginPage.TC05_LoginWith_blank_U_Valid_P -->
