<?xml version="1.0" encoding="UTF-8"?>
<!-- Generated by org.testng.reporters.JUnitReportReporter -->
<testsuite hostname="DESKTOP-O562LT0" failures="0" tests="1" name="sauceDemoHomePage.TC02_VerifyAllProductAddToCart" time="34.395" errors="0" timestamp="2023-02-21T11:39:50 IST" skipped="0">
  <testcase classname="sauceDemoHomePage.TC02_VerifyAllProductAddToCart" name="VerifyAllProductAddToCart" time="34.395"/>
  <system-out/>
</testsuite> <!-- sauceDemoHomePage.TC02_VerifyAllProductAddToCart -->
