<?xml version="1.0" encoding="UTF-8"?>
<!-- Generated by org.testng.reporters.JUnitReportReporter -->
<testsuite hostname="DESKTOP-O562LT0" failures="0" tests="1" name="numadicJobApplication.TC01_VerifyClearButtonOfBasicInfo" time="60.368" errors="0" timestamp="2023-02-23T12:40:42 IST" skipped="0">
  <testcase classname="numadicJobApplication.TC01_VerifyClearButtonOfBasicInfo" name="VerifyClearButtonOfBasicInfo" time="60.368"/>
  <system-out/>
</testsuite> <!-- numadicJobApplication.TC01_VerifyClearButtonOfBasicInfo -->
