<?xml version="1.0" encoding="UTF-8"?>
<!-- Generated by org.testng.reporters.JUnitReportReporter -->
<testsuite hostname="DESKTOP-O562LT0" failures="0" tests="1" name="sauceDemoHomePage.TC04_VerifyAboutLink" time="22.266" errors="0" timestamp="2023-02-21T11:43:57 IST" skipped="0">
  <testcase classname="sauceDemoHomePage.TC04_VerifyAboutLink" name="VerifyAboutLink" time="22.266"/>
  <system-out/>
</testsuite> <!-- sauceDemoHomePage.TC04_VerifyAboutLink -->
