<?xml version="1.0" encoding="UTF-8"?>
<!-- Generated by org.testng.reporters.JUnitReportReporter -->
<testsuite hostname="DESKTOP-O562LT0" failures="0" tests="1" name="sauceDemoLoginPage.TC07_VerifyLogout" time="8.555" errors="0" timestamp="2023-03-01T09:59:37 IST" skipped="0">
  <testcase classname="sauceDemoLoginPage.TC07_VerifyLogout" name="VerifyLogout" time="8.555"/>
  <system-out/>
</testsuite> <!-- sauceDemoLoginPage.TC07_VerifyLogout -->
