<?xml version="1.0" encoding="UTF-8"?>
<!-- Generated by org.testng.reporters.JUnitReportReporter -->
<testsuite hostname="DESKTOP-O562LT0" failures="0" tests="1" name="amazon.TC04_VerifyBrandsSamsung" time="223.489" errors="0" timestamp="2023-02-25T13:32:59 IST" skipped="0">
  <testcase classname="amazon.TC04_VerifyBrandsSamsung" name="VerifyBrandsSamsung" time="223.489"/>
  <system-out/>
</testsuite> <!-- amazon.TC04_VerifyBrandsSamsung -->
