<?xml version="1.0" encoding="UTF-8"?>
<!-- Generated by org.testng.reporters.JUnitReportReporter -->
<testsuite hostname="DESKTOP-O562LT0" failures="0" tests="1" name="numadicJobApplication.TC02_EnterValidBasicInfo" time="45.324" errors="0" timestamp="2023-02-23T13:17:33 IST" skipped="0">
  <testcase classname="numadicJobApplication.TC02_EnterValidBasicInfo" name="enterValidFirstName" time="45.324"/>
  <system-out/>
</testsuite> <!-- numadicJobApplication.TC02_EnterValidBasicInfo -->
