<?xml version="1.0" encoding="UTF-8"?>
<!-- Generated by org.testng.reporters.JUnitReportReporter -->
<testsuite hostname="DESKTOP-O562LT0" failures="0" tests="1" name="numadicJobApplication.TC04_enterValidLastNameOfBasicInfo" time="39.607" errors="0" timestamp="2023-02-23T13:28:24 IST" skipped="0">
  <testcase classname="numadicJobApplication.TC04_enterValidLastNameOfBasicInfo" name="enterValidFirstName" time="39.607"/>
  <system-out/>
</testsuite> <!-- numadicJobApplication.TC04_enterValidLastNameOfBasicInfo -->
