<?xml version="1.0" encoding="UTF-8"?>
<!-- Generated by org.testng.reporters.JUnitReportReporter -->
<testsuite hostname="DESKTOP-O562LT0" failures="0" tests="1" name="numadicJobApplication.TC07_enterInvalidEmailOfBasicInfo" time="70.785" errors="0" timestamp="2023-02-23T14:09:33 IST" skipped="0">
  <testcase classname="numadicJobApplication.TC07_enterInvalidEmailOfBasicInfo" name="enterValidFirstName" time="70.785"/>
  <system-out/>
</testsuite> <!-- numadicJobApplication.TC07_enterInvalidEmailOfBasicInfo -->
