<?xml version="1.0" encoding="UTF-8"?>
<!-- Generated by org.testng.reporters.JUnitReportReporter -->
<testsuite hostname="DESKTOP-O562LT0" failures="0" tests="1" name="sauceDemoHomePage.TC03_verifyRemoveButton" time="29.330" errors="0" timestamp="2023-02-21T11:41:06 IST" skipped="0">
  <testcase classname="sauceDemoHomePage.TC03_verifyRemoveButton" name="verifyRemoveButton" time="29.330"/>
  <system-out/>
</testsuite> <!-- sauceDemoHomePage.TC03_verifyRemoveButton -->
