<?xml version="1.0" encoding="UTF-8"?>
<!-- Generated by org.testng.reporters.JUnitReportReporter -->
<testsuite hostname="DESKTOP-O562LT0" failures="0" tests="1" name="flipcart.TC01_Verify5Arrivals" time="16.761" errors="0" timestamp="2023-02-26T14:50:36 IST" skipped="0">
  <testcase classname="flipcart.TC01_Verify5Arrivals" name="Verify5Arrivals" time="16.761"/>
  <system-out/>
</testsuite> <!-- flipcart.TC01_Verify5Arrivals -->
